Using pre-set license
Built from '2020.3/staging' branch; Version is '2020.3.0f1 (c7b5465681fb) revision 13088070'; Using compiler version '192528614'; Build Type 'Release'
OS: 'Windows 10 Pro; OS build 19041.928; Version 2004; 64bit' Language: 'en' Physical Memory: 7887 MB
BatchMode: 1, IsHumanControllingUs: 0, StartBugReporterOnCrash: 0, Is64bit: 1, IsPro: 0

 COMMAND LINE ARGUMENTS:
C:\Program Files\Unity\Hub\Editor\2020.3.0f1\Editor\Unity.exe
-adb2
-batchMode
-noUpm
-name
AssetImportWorker0
-projectPath
C:/Users/gregc/Documents/UnityProjects/GregCouliasFinalYearProject/NatureSimulationGame
-logFile
Logs/AssetImportWorker0.log
-srvPort
57875
Successfully changed project path to: C:/Users/gregc/Documents/UnityProjects/GregCouliasFinalYearProject/NatureSimulationGame
C:/Users/gregc/Documents/UnityProjects/GregCouliasFinalYearProject/NatureSimulationGame
Using Asset Import Pipeline V2.
Refreshing native plugins compatible for Editor in 74.92 ms, found 1 plugins.
Preloading 0 native plugins for Editor in 0.00 ms.
Initialize engine version: 2020.3.0f1 (c7b5465681fb)
[Subsystems] Discovering subsystems at path C:/Program Files/Unity/Hub/Editor/2020.3.0f1/Editor/Data/Resources/UnitySubsystems
[Subsystems] Discovering subsystems at path C:/Users/gregc/Documents/UnityProjects/GregCouliasFinalYearProject/NatureSimulationGame/Assets
GfxDevice: creating device client; threaded=0
Direct3D:
    Version:  Direct3D 11.0 [level 11.0]
    Renderer: Intel(R) HD Graphics 4000 (ID=0x166)
    Vendor:   
    VRAM:     128 MB
    Driver:   10.18.10.4358
Initialize mono
Mono path[0] = 'C:/Program Files/Unity/Hub/Editor/2020.3.0f1/Editor/Data/Managed'
Mono path[1] = 'C:/Program Files/Unity/Hub/Editor/2020.3.0f1/Editor/Data/MonoBleedingEdge/lib/mono/unityjit'
Mono config path = 'C:/Program Files/Unity/Hub/Editor/2020.3.0f1/Editor/Data/MonoBleedingEdge/etc'
Using monoOptions --debugger-agent=transport=dt_socket,embedding=1,server=y,suspend=n,address=127.0.0.1:56792
Begin MonoManager ReloadAssembly
Registering precompiled unity dll's ...
Register platform support module: C:/Program Files/Unity/Hub/Editor/2020.3.0f1/Editor/Data/PlaybackEngines/WindowsStandaloneSupport/UnityEditor.WindowsStandalone.Extensions.dll
Registered in 0.008180 seconds.
Native extension for WindowsStandalone target not found
Refreshing native plugins compatible for Editor in 128.10 ms, found 1 plugins.
Preloading 0 native plugins for Editor in 0.00 ms.
Invoked RoslynAnalysisRunner static constructor.
RoslynAnalysisRunner will not be running.
RoslynAnalysisRunner has terminated.
Mono: successfully reloaded assembly
- Completed reload, in  4.173 seconds
Platform modules already initialized, skipping
Registering precompiled user dll's ...
Registered in 0.006627 seconds.
Begin MonoManager ReloadAssembly
Native extension for WindowsStandalone target not found
Refreshing native plugins compatible for Editor in 57.57 ms, found 1 plugins.
Preloading 0 native plugins for Editor in 0.00 ms.
Invoked RoslynAnalysisRunner static constructor.
RoslynAnalysisRunner will not be running.
RoslynAnalysisRunner has terminated.
Mono: successfully reloaded assembly
- Completed reload, in  1.796 seconds
Platform modules already initialized, skipping
========================================================================
Worker process is ready to serve import requests
Launched and connected shader compiler UnityShaderCompiler.exe after 0.12 seconds
Refreshing native plugins compatible for Editor in 0.73 ms, found 1 plugins.
Preloading 0 native plugins for Editor in 0.00 ms.
Unloading 1819 Unused Serialized files (Serialized files now loaded: 0)
System memory in use before: 85.8 MB.
System memory in use after: 85.7 MB.

Unloading 24 unused Assets to reduce memory usage. Loaded Objects now: 2264.
Total: 3.158700 ms (FindLiveObjects: 0.433600 ms CreateObjectMapping: 0.144200 ms MarkObjects: 2.384100 ms  DeleteObjects: 0.194400 ms)

========================================================================
Received Import Request.
  path: Assets/Sprites/MiscSpriteSheet.png
  artifactKey: Guid(82176d251c71a0549b6e298459576182) Importer(815301076,1909f56bfc062723c751e8b465ee728b)
Start importing Assets/Sprites/MiscSpriteSheet.png using Guid(82176d251c71a0549b6e298459576182) Importer(815301076,1909f56bfc062723c751e8b465ee728b)  -> (artifact id: '5ce83dc15a12cc38ddb6a3b399b777e9') in 0.314876 seconds
  Import took 0.322775 seconds .

========================================================================
Received Import Request.
  Time since last request: 0.001420 seconds.
  path: Assets/Prefabs/Square.prefab
  artifactKey: Guid(ccb17f46747fba94a952c17eadbe2ee2) Importer(815301076,1909f56bfc062723c751e8b465ee728b)
Start importing Assets/Prefabs/Square.prefab using Guid(ccb17f46747fba94a952c17eadbe2ee2) Importer(815301076,1909f56bfc062723c751e8b465ee728b)  -> (artifact id: 'ea0cece5b52cd9da6a960ac360f73673') in 0.124781 seconds
  Import took 0.130702 seconds .

========================================================================
Received Import Request.
  Time since last request: 19.710264 seconds.
  path: Assets/Sprites/MiscSpriteSheet.png
  artifactKey: Guid(82176d251c71a0549b6e298459576182) Importer(815301076,1909f56bfc062723c751e8b465ee728b)
Start importing Assets/Sprites/MiscSpriteSheet.png using Guid(82176d251c71a0549b6e298459576182) Importer(815301076,1909f56bfc062723c751e8b465ee728b)  -> (artifact id: 'ac5f1c5e2ec18fda43428cf2d59fdc41') in 0.134453 seconds
  Import took 0.140986 seconds .

========================================================================
Received Prepare
Registering precompiled user dll's ...
Registered in 0.002427 seconds.
Begin MonoManager ReloadAssembly
Native extension for WindowsStandalone target not found
Refreshing native plugins compatible for Editor in 0.52 ms, found 1 plugins.
Preloading 0 native plugins for Editor in 0.00 ms.
Invoked RoslynAnalysisRunner static constructor.
RoslynAnalysisRunner will not be running.
RoslynAnalysisRunner has terminated.
Mono: successfully reloaded assembly
- Completed reload, in  1.711 seconds
Platform modules already initialized, skipping
Refreshing native plugins compatible for Editor in 0.75 ms, found 1 plugins.
Preloading 0 native plugins for Editor in 0.00 ms.
Unloading 1814 Unused Serialized files (Serialized files now loaded: 0)
System memory in use before: 88.9 MB.
System memory in use after: 88.9 MB.

Unloading 12 unused Assets to reduce memory usage. Loaded Objects now: 2279.
Total: 3.312100 ms (FindLiveObjects: 0.406400 ms CreateObjectMapping: 0.146000 ms MarkObjects: 2.601400 ms  DeleteObjects: 0.155600 ms)

========================================================================
Received Prepare
Registering precompiled user dll's ...
Registered in 0.002523 seconds.
Begin MonoManager ReloadAssembly
Native extension for WindowsStandalone target not found
Refreshing native plugins compatible for Editor in 0.77 ms, found 1 plugins.
Preloading 0 native plugins for Editor in 0.00 ms.
Invoked RoslynAnalysisRunner static constructor.
RoslynAnalysisRunner will not be running.
RoslynAnalysisRunner has terminated.
Mono: successfully reloaded assembly
- Completed reload, in  1.675 seconds
Platform modules already initialized, skipping
Refreshing native plugins compatible for Editor in 5.03 ms, found 1 plugins.
Preloading 0 native plugins for Editor in 0.00 ms.
Unloading 1814 Unused Serialized files (Serialized files now loaded: 0)
System memory in use before: 88.9 MB.
System memory in use after: 88.9 MB.

Unloading 12 unused Assets to reduce memory usage. Loaded Objects now: 2283.
Total: 3.508400 ms (FindLiveObjects: 0.334800 ms CreateObjectMapping: 0.203700 ms MarkObjects: 2.711200 ms  DeleteObjects: 0.256000 ms)

========================================================================
Received Prepare
Registering precompiled user dll's ...
Registered in 0.003715 seconds.
Begin MonoManager ReloadAssembly
Native extension for WindowsStandalone target not found
Refreshing native plugins compatible for Editor in 0.52 ms, found 1 plugins.
Preloading 0 native plugins for Editor in 0.00 ms.
Invoked RoslynAnalysisRunner static constructor.
RoslynAnalysisRunner will not be running.
RoslynAnalysisRunner has terminated.
Mono: successfully reloaded assembly
- Completed reload, in  1.780 seconds
Platform modules already initialized, skipping
Refreshing native plugins compatible for Editor in 0.92 ms, found 1 plugins.
Preloading 0 native plugins for Editor in 0.00 ms.
Unloading 1814 Unused Serialized files (Serialized files now loaded: 0)
System memory in use before: 89.0 MB.
System memory in use after: 89.0 MB.

Unloading 12 unused Assets to reduce memory usage. Loaded Objects now: 2287.
Total: 3.297700 ms (FindLiveObjects: 0.481200 ms CreateObjectMapping: 0.215100 ms MarkObjects: 2.422900 ms  DeleteObjects: 0.175700 ms)

========================================================================
Received Prepare
Registering precompiled user dll's ...
Registered in 0.002783 seconds.
Begin MonoManager ReloadAssembly
Native extension for WindowsStandalone target not found
Refreshing native plugins compatible for Editor in 0.48 ms, found 1 plugins.
Preloading 0 native plugins for Editor in 0.00 ms.
Invoked RoslynAnalysisRunner static constructor.
RoslynAnalysisRunner will not be running.
RoslynAnalysisRunner has terminated.
Mono: successfully reloaded assembly
- Completed reload, in  1.599 seconds
Platform modules already initialized, skipping
Refreshing native plugins compatible for Editor in 0.78 ms, found 1 plugins.
Preloading 0 native plugins for Editor in 0.00 ms.
Unloading 1814 Unused Serialized files (Serialized files now loaded: 0)
System memory in use before: 89.0 MB.
System memory in use after: 89.0 MB.

Unloading 12 unused Assets to reduce memory usage. Loaded Objects now: 2291.
Total: 3.335800 ms (FindLiveObjects: 0.321600 ms CreateObjectMapping: 0.211200 ms MarkObjects: 2.580800 ms  DeleteObjects: 0.219700 ms)

========================================================================
Received Import Request.
  Time since last request: 93530.952269 seconds.
  path: Assets/Prefabs/Turtle 1.prefab
  artifactKey: Guid(921ee0fd21e59e446accc1970c6c04a1) Importer(815301076,1909f56bfc062723c751e8b465ee728b)
Start importing Assets/Prefabs/Turtle 1.prefab using Guid(921ee0fd21e59e446accc1970c6c04a1) Importer(815301076,1909f56bfc062723c751e8b465ee728b)  -> (artifact id: 'd38f20e73e0e21bfa314790622e570dd') in 0.171156 seconds
  Import took 0.178067 seconds .

========================================================================
Received Import Request.
  Time since last request: 5.797434 seconds.
  path: Assets/Prefabs/Pig.prefab
  artifactKey: Guid(921ee0fd21e59e446accc1970c6c04a1) Importer(815301076,1909f56bfc062723c751e8b465ee728b)
Start importing Assets/Prefabs/Pig.prefab using Guid(921ee0fd21e59e446accc1970c6c04a1) Importer(815301076,1909f56bfc062723c751e8b465ee728b)  -> (artifact id: '5e0281652068626a7bc7036c060c634f') in 0.049662 seconds
  Import took 0.057575 seconds .

========================================================================
Received Import Request.
  Time since last request: 0.006739 seconds.
  path: Assets/Prefabs/Pig.prefab
  artifactKey: Guid(921ee0fd21e59e446accc1970c6c04a1) Importer(815301076,1909f56bfc062723c751e8b465ee728b)
Start importing Assets/Prefabs/Pig.prefab using Guid(921ee0fd21e59e446accc1970c6c04a1) Importer(815301076,1909f56bfc062723c751e8b465ee728b)  -> (artifact id: '5e0281652068626a7bc7036c060c634f') in 0.040730 seconds
  Import took 0.047824 seconds .

========================================================================
Received Import Request.
  Time since last request: 18.676444 seconds.
  path: Assets/Sprites/PigSpriteSheet.png
  artifactKey: Guid(fc2af2660154d8540b0c1a544137e1af) Importer(815301076,1909f56bfc062723c751e8b465ee728b)
Start importing Assets/Sprites/PigSpriteSheet.png using Guid(fc2af2660154d8540b0c1a544137e1af) Importer(815301076,1909f56bfc062723c751e8b465ee728b)  -> (artifact id: '4dde5145b68bf13ac76a6b6cc572e425') in 0.049072 seconds
  Import took 0.055101 seconds .

========================================================================
Received Import Request.
  Time since last request: 19.977754 seconds.
  path: Assets/Sprites/PigSpriteSheet.png
  artifactKey: Guid(fc2af2660154d8540b0c1a544137e1af) Importer(815301076,1909f56bfc062723c751e8b465ee728b)
Start importing Assets/Sprites/PigSpriteSheet.png using Guid(fc2af2660154d8540b0c1a544137e1af) Importer(815301076,1909f56bfc062723c751e8b465ee728b)  -> (artifact id: '9e0daa69fbfe28113b7fe72014e9ccb6') in 0.050533 seconds
  Import took 0.058817 seconds .

========================================================================
Received Import Request.
  Time since last request: 0.009006 seconds.
  path: Assets/Sprites/PigSpriteSheet.png
  artifactKey: Guid(fc2af2660154d8540b0c1a544137e1af) Importer(815301076,1909f56bfc062723c751e8b465ee728b)
Start importing Assets/Sprites/PigSpriteSheet.png using Guid(fc2af2660154d8540b0c1a544137e1af) Importer(815301076,1909f56bfc062723c751e8b465ee728b)  -> (artifact id: '9e0daa69fbfe28113b7fe72014e9ccb6') in 0.026086 seconds
  Import took 0.031802 seconds .

========================================================================
Received Import Request.
  Time since last request: 13.773623 seconds.
  path: Assets/Sprites/PigSpriteSheet.png
  artifactKey: Guid(fc2af2660154d8540b0c1a544137e1af) Importer(815301076,1909f56bfc062723c751e8b465ee728b)
Start importing Assets/Sprites/PigSpriteSheet.png using Guid(fc2af2660154d8540b0c1a544137e1af) Importer(815301076,1909f56bfc062723c751e8b465ee728b)  -> (artifact id: '3214d521de1ea51bf6b96789d7e51705') in 0.022585 seconds
  Import took 0.030975 seconds .

========================================================================
Received Import Request.
  Time since last request: 0.011049 seconds.
  path: Assets/Sprites/PigSpriteSheet.png
  artifactKey: Guid(fc2af2660154d8540b0c1a544137e1af) Importer(815301076,1909f56bfc062723c751e8b465ee728b)
Start importing Assets/Sprites/PigSpriteSheet.png using Guid(fc2af2660154d8540b0c1a544137e1af) Importer(815301076,1909f56bfc062723c751e8b465ee728b)  -> (artifact id: '3214d521de1ea51bf6b96789d7e51705') in 0.031207 seconds
  Import took 0.039322 seconds .

========================================================================
Received Import Request.
  Time since last request: 32.873267 seconds.
  path: Assets/Sprites/PigSpriteSheet.png
  artifactKey: Guid(fc2af2660154d8540b0c1a544137e1af) Importer(815301076,1909f56bfc062723c751e8b465ee728b)
Start importing Assets/Sprites/PigSpriteSheet.png using Guid(fc2af2660154d8540b0c1a544137e1af) Importer(815301076,1909f56bfc062723c751e8b465ee728b)  -> (artifact id: 'dc1350864a788fe6cd38bcbcdcd73ed4') in 0.063934 seconds
  Import took 0.071806 seconds .

========================================================================
Received Import Request.
  Time since last request: 35.905140 seconds.
  path: Assets/Prefabs/Pig.prefab
  artifactKey: Guid(921ee0fd21e59e446accc1970c6c04a1) Importer(815301076,1909f56bfc062723c751e8b465ee728b)
Start importing Assets/Prefabs/Pig.prefab using Guid(921ee0fd21e59e446accc1970c6c04a1) Importer(815301076,1909f56bfc062723c751e8b465ee728b)  -> (artifact id: 'f18a1ded05effde7c827ed998f3df3dc') in 0.049585 seconds
  Import took 0.058519 seconds .

========================================================================
Received Import Request.
  Time since last request: 0.002671 seconds.
  path: Assets/Prefabs/Pig.prefab
  artifactKey: Guid(921ee0fd21e59e446accc1970c6c04a1) Importer(815301076,1909f56bfc062723c751e8b465ee728b)
Start importing Assets/Prefabs/Pig.prefab using Guid(921ee0fd21e59e446accc1970c6c04a1) Importer(815301076,1909f56bfc062723c751e8b465ee728b)  -> (artifact id: 'f18a1ded05effde7c827ed998f3df3dc') in 0.039884 seconds
  Import took 0.047484 seconds .

========================================================================
Received Import Request.
  Time since last request: 3.135649 seconds.
  path: Assets/Prefabs/Pig.prefab
  artifactKey: Guid(921ee0fd21e59e446accc1970c6c04a1) Importer(815301076,1909f56bfc062723c751e8b465ee728b)
Start importing Assets/Prefabs/Pig.prefab using Guid(921ee0fd21e59e446accc1970c6c04a1) Importer(815301076,1909f56bfc062723c751e8b465ee728b)  -> (artifact id: '1cafb25bcd68012d47a2c8133b30d0bd') in 0.047007 seconds
  Import took 0.055917 seconds .

========================================================================
Received Import Request.
  Time since last request: 0.007344 seconds.
  path: Assets/Prefabs/Pig.prefab
  artifactKey: Guid(921ee0fd21e59e446accc1970c6c04a1) Importer(815301076,1909f56bfc062723c751e8b465ee728b)
Start importing Assets/Prefabs/Pig.prefab using Guid(921ee0fd21e59e446accc1970c6c04a1) Importer(815301076,1909f56bfc062723c751e8b465ee728b)  -> (artifact id: '1cafb25bcd68012d47a2c8133b30d0bd') in 0.089440 seconds
  Import took 0.098772 seconds .

========================================================================
Received Import Request.
  Time since last request: 16.456281 seconds.
  path: Assets/Prefabs/Pig.prefab
  artifactKey: Guid(921ee0fd21e59e446accc1970c6c04a1) Importer(815301076,1909f56bfc062723c751e8b465ee728b)
Start importing Assets/Prefabs/Pig.prefab using Guid(921ee0fd21e59e446accc1970c6c04a1) Importer(815301076,1909f56bfc062723c751e8b465ee728b)  -> (artifact id: 'a3644761d9d27f5258ec6fbc2876ecc2') in 0.080444 seconds
  Import took 0.088561 seconds .

========================================================================
Received Import Request.
  Time since last request: 0.032918 seconds.
  path: Assets/Prefabs/Pig.prefab
  artifactKey: Guid(921ee0fd21e59e446accc1970c6c04a1) Importer(815301076,1909f56bfc062723c751e8b465ee728b)
Start importing Assets/Prefabs/Pig.prefab using Guid(921ee0fd21e59e446accc1970c6c04a1) Importer(815301076,1909f56bfc062723c751e8b465ee728b)  -> (artifact id: 'a3644761d9d27f5258ec6fbc2876ecc2') in 0.043234 seconds
  Import took 0.050151 seconds .

========================================================================
Received Import Request.
  Time since last request: 17.580882 seconds.
  path: Assets/Animations/Turtle 1
  artifactKey: Guid(2a585099e09816d428495fe4f07019e9) Importer(815301076,1909f56bfc062723c751e8b465ee728b)
Start importing Assets/Animations/Turtle 1 using Guid(2a585099e09816d428495fe4f07019e9) Importer(815301076,1909f56bfc062723c751e8b465ee728b)  -> (artifact id: 'c11d110a8b536662e2e09141d8272aff') in 0.011633 seconds
  Import took 0.017038 seconds .

========================================================================
Received Import Request.
  Time since last request: 5.340413 seconds.
  path: Assets/Animations/Pig
  artifactKey: Guid(2a585099e09816d428495fe4f07019e9) Importer(815301076,1909f56bfc062723c751e8b465ee728b)
Start importing Assets/Animations/Pig using Guid(2a585099e09816d428495fe4f07019e9) Importer(815301076,1909f56bfc062723c751e8b465ee728b)  -> (artifact id: '5723459822bb53c22143a8055914cfc7') in 0.014619 seconds
  Import took 0.023111 seconds .

========================================================================
Received Import Request.
  Time since last request: 2.583092 seconds.
  path: Assets/Animations/Pig/Turtle.controller
  artifactKey: Guid(697070f97142d5444acda4dc44eb9e01) Importer(815301076,1909f56bfc062723c751e8b465ee728b)
Start importing Assets/Animations/Pig/Turtle.controller using Guid(697070f97142d5444acda4dc44eb9e01) Importer(815301076,1909f56bfc062723c751e8b465ee728b)  -> (artifact id: '4010f7520a4c0d0693788bd9b7aaf904') in 0.029095 seconds
  Import took 0.036152 seconds .

========================================================================
Received Import Request.
  Time since last request: 6.265391 seconds.
  path: Assets/Animations/Pig/Pig.controller
  artifactKey: Guid(697070f97142d5444acda4dc44eb9e01) Importer(815301076,1909f56bfc062723c751e8b465ee728b)
Start importing Assets/Animations/Pig/Pig.controller using Guid(697070f97142d5444acda4dc44eb9e01) Importer(815301076,1909f56bfc062723c751e8b465ee728b)  -> (artifact id: 'e53593a74b729c6d96159929bfc70443') in 0.041097 seconds
  Import took 0.050084 seconds .

========================================================================
Received Import Request.
  Time since last request: 1.799546 seconds.
  path: Assets/Animations/Pig/Turtle_Idle.anim
  artifactKey: Guid(b270f9c962f43b54b805421ba0fc9877) Importer(815301076,1909f56bfc062723c751e8b465ee728b)
Start importing Assets/Animations/Pig/Turtle_Idle.anim using Guid(b270f9c962f43b54b805421ba0fc9877) Importer(815301076,1909f56bfc062723c751e8b465ee728b)  -> (artifact id: '64d039e1742ad852d8f243758e828181') in 0.018121 seconds
  Import took 0.026473 seconds .

========================================================================
Received Import Request.
  Time since last request: 0.024781 seconds.
  path: Assets/Animations/Pig/Turtle_Idle.anim
  artifactKey: Guid(b270f9c962f43b54b805421ba0fc9877) Importer(815301076,1909f56bfc062723c751e8b465ee728b)
Start importing Assets/Animations/Pig/Turtle_Idle.anim using Guid(b270f9c962f43b54b805421ba0fc9877) Importer(815301076,1909f56bfc062723c751e8b465ee728b)  -> (artifact id: '64d039e1742ad852d8f243758e828181') in 0.013013 seconds
  Import took 0.019030 seconds .

========================================================================
Received Import Request.
  Time since last request: 0.472839 seconds.
  path: Assets/Animations/Pig/Turtle_Idle_Left.anim
  artifactKey: Guid(23b22e00ac47c474eaabc02673575652) Importer(815301076,1909f56bfc062723c751e8b465ee728b)
Start importing Assets/Animations/Pig/Turtle_Idle_Left.anim using Guid(23b22e00ac47c474eaabc02673575652) Importer(815301076,1909f56bfc062723c751e8b465ee728b)  -> (artifact id: 'ec0bce41529b99536139e6fafdc04200') in 0.010513 seconds
  Import took 0.016959 seconds .

========================================================================
Received Import Request.
  Time since last request: 17.226340 seconds.
  path: Assets/Animations/Pig/Pig_Idle.anim
  artifactKey: Guid(b270f9c962f43b54b805421ba0fc9877) Importer(815301076,1909f56bfc062723c751e8b465ee728b)
Start importing Assets/Animations/Pig/Pig_Idle.anim using Guid(b270f9c962f43b54b805421ba0fc9877) Importer(815301076,1909f56bfc062723c751e8b465ee728b)  -> (artifact id: '2eb35b1f684190840f7d289e46286686') in 0.018617 seconds
  Import took 0.034274 seconds .

========================================================================
Received Import Request.
  Time since last request: 8.516958 seconds.
  path: Assets/Animations/Pig/Pig_Idle_Left.anim
  artifactKey: Guid(23b22e00ac47c474eaabc02673575652) Importer(815301076,1909f56bfc062723c751e8b465ee728b)
Start importing Assets/Animations/Pig/Pig_Idle_Left.anim using Guid(23b22e00ac47c474eaabc02673575652) Importer(815301076,1909f56bfc062723c751e8b465ee728b)  -> (artifact id: '02713560894d1221905510bf30719004') in 0.016674 seconds
  Import took 0.026674 seconds .

========================================================================
Received Import Request.
  Time since last request: 0.656563 seconds.
  path: Assets/Animations/Pig/Turtle_Idle_Right.anim
  artifactKey: Guid(7de0c51f41598f34ba12534f27096ac9) Importer(815301076,1909f56bfc062723c751e8b465ee728b)
Start importing Assets/Animations/Pig/Turtle_Idle_Right.anim using Guid(7de0c51f41598f34ba12534f27096ac9) Importer(815301076,1909f56bfc062723c751e8b465ee728b)  -> (artifact id: '3ebf54bee0bdc0204f3c93e9a3c04837') in 0.010965 seconds
  Import took 0.018309 seconds .

========================================================================
Received Import Request.
  Time since last request: 4.620477 seconds.
  path: Assets/Animations/Pig/Pig_Idle_Right.anim
  artifactKey: Guid(7de0c51f41598f34ba12534f27096ac9) Importer(815301076,1909f56bfc062723c751e8b465ee728b)
Start importing Assets/Animations/Pig/Pig_Idle_Right.anim using Guid(7de0c51f41598f34ba12534f27096ac9) Importer(815301076,1909f56bfc062723c751e8b465ee728b)  -> (artifact id: '62c4d7bed6b0880dd7f2a53335c082b7') in 0.016337 seconds
  Import took 0.028450 seconds .

========================================================================
Received Import Request.
  Time since last request: 0.737591 seconds.
  path: Assets/Animations/Pig/Turtle_Idle_Up.anim
  artifactKey: Guid(85236155fe7aa6443ba9e3d04d4d13e7) Importer(815301076,1909f56bfc062723c751e8b465ee728b)
Start importing Assets/Animations/Pig/Turtle_Idle_Up.anim using Guid(85236155fe7aa6443ba9e3d04d4d13e7) Importer(815301076,1909f56bfc062723c751e8b465ee728b)  -> (artifact id: '900e8db4020ed1ec785f9b7c2e5a309d') in 0.011976 seconds
  Import took 0.018686 seconds .

========================================================================
Received Import Request.
  Time since last request: 5.237793 seconds.
  path: Assets/Animations/Pig/Pig_Idle_Up.anim
  artifactKey: Guid(85236155fe7aa6443ba9e3d04d4d13e7) Importer(815301076,1909f56bfc062723c751e8b465ee728b)
Start importing Assets/Animations/Pig/Pig_Idle_Up.anim using Guid(85236155fe7aa6443ba9e3d04d4d13e7) Importer(815301076,1909f56bfc062723c751e8b465ee728b)  -> (artifact id: 'e82e0fa276320bb8dce9357e017fc41d') in 0.027138 seconds
  Import took 0.034353 seconds .

========================================================================
Received Import Request.
  Time since last request: 7.717611 seconds.
  path: Assets/Animations/Pig/Turtle_IntoShell_Down.anim
  artifactKey: Guid(22f34abbf7fa1ae49b08580b7a6bcff0) Importer(815301076,1909f56bfc062723c751e8b465ee728b)
Start importing Assets/Animations/Pig/Turtle_IntoShell_Down.anim using Guid(22f34abbf7fa1ae49b08580b7a6bcff0) Importer(815301076,1909f56bfc062723c751e8b465ee728b)  -> (artifact id: 'd023ec6382d8d77ca30d2f25b67cd831') in 0.015173 seconds
  Import took 0.021878 seconds .

========================================================================
Received Import Request.
  Time since last request: 11.331900 seconds.
  path: Assets/Animations/Pig/Turtle_IntoShell_Left.anim
  artifactKey: Guid(f83041a2025f5224ca915b38563fe64a) Importer(815301076,1909f56bfc062723c751e8b465ee728b)
Start importing Assets/Animations/Pig/Turtle_IntoShell_Left.anim using Guid(f83041a2025f5224ca915b38563fe64a) Importer(815301076,1909f56bfc062723c751e8b465ee728b)  -> (artifact id: '05982f7a6e83466229941268ab243020') in 0.015161 seconds
  Import took 0.022720 seconds .

========================================================================
Received Import Request.
  Time since last request: 2.363822 seconds.
  path: Assets/Animations/Pig/Turtle_IntoShell_Right.anim
  artifactKey: Guid(7e2eed5280e916a42a088d321fe54211) Importer(815301076,1909f56bfc062723c751e8b465ee728b)
Start importing Assets/Animations/Pig/Turtle_IntoShell_Right.anim using Guid(7e2eed5280e916a42a088d321fe54211) Importer(815301076,1909f56bfc062723c751e8b465ee728b)  -> (artifact id: '8b661931e059b27ff1ec4f9ce4065ddb') in 0.014420 seconds
  Import took 0.022368 seconds .

========================================================================
Received Import Request.
  Time since last request: 1.725035 seconds.
  path: Assets/Animations/Pig/Turtle_IntoShell_Up.anim
  artifactKey: Guid(d834008a3031228448ba3065b33b5bc8) Importer(815301076,1909f56bfc062723c751e8b465ee728b)
Start importing Assets/Animations/Pig/Turtle_IntoShell_Up.anim using Guid(d834008a3031228448ba3065b33b5bc8) Importer(815301076,1909f56bfc062723c751e8b465ee728b)  -> (artifact id: '3e4c2a8804e3bc0a81b8298a7def4687') in 0.014619 seconds
  Import took 0.020744 seconds .

========================================================================
Received Import Request.
  Time since last request: 5.102324 seconds.
  path: Assets/Animations/Turtle/Turtle_IntoShell_Down.anim
  artifactKey: Guid(b181b6972ede5ad48bc622dc97647f98) Importer(815301076,1909f56bfc062723c751e8b465ee728b)
Start importing Assets/Animations/Turtle/Turtle_IntoShell_Down.anim using Guid(b181b6972ede5ad48bc622dc97647f98) Importer(815301076,1909f56bfc062723c751e8b465ee728b)  -> (artifact id: 'a4e86aeadff1cd12ad396a73b2a2de50') in 0.011997 seconds
  Import took 0.019900 seconds .

========================================================================
Received Import Request.
  Time since last request: 0.340056 seconds.
  path: Assets/Animations/Turtle/Turtle_IntoShell_Left.anim
  artifactKey: Guid(31b156be49f7796409a8ebe8dcc34871) Importer(815301076,1909f56bfc062723c751e8b465ee728b)
Start importing Assets/Animations/Turtle/Turtle_IntoShell_Left.anim using Guid(31b156be49f7796409a8ebe8dcc34871) Importer(815301076,1909f56bfc062723c751e8b465ee728b)  -> (artifact id: '349216795177d4251e1c903f82e2934d') in 0.011614 seconds
  Import took 0.019916 seconds .

========================================================================
Received Import Request.
  Time since last request: 0.352446 seconds.
  path: Assets/Animations/Turtle/Turtle_IntoShell_Right.anim
  artifactKey: Guid(bfa3da4a21b0bf349a7b593617e62023) Importer(815301076,1909f56bfc062723c751e8b465ee728b)
Start importing Assets/Animations/Turtle/Turtle_IntoShell_Right.anim using Guid(bfa3da4a21b0bf349a7b593617e62023) Importer(815301076,1909f56bfc062723c751e8b465ee728b)  -> (artifact id: '216f6b93154ac3779679c0f9ee120987') in 0.011078 seconds
  Import took 0.017461 seconds .

========================================================================
Received Import Request.
  Time since last request: 3.926946 seconds.
  path: Assets/Animations/Pig/Turtle_Walk_Down.anim
  artifactKey: Guid(1ead76853cf716f469da20a61e016cd6) Importer(815301076,1909f56bfc062723c751e8b465ee728b)
Start importing Assets/Animations/Pig/Turtle_Walk_Down.anim using Guid(1ead76853cf716f469da20a61e016cd6) Importer(815301076,1909f56bfc062723c751e8b465ee728b)  -> (artifact id: 'ed2f89c08f1c1c659154ccc9043400d4') in 0.015231 seconds
  Import took 0.021241 seconds .

========================================================================
Received Import Request.
  Time since last request: 14.624159 seconds.
  path: Assets/Animations/Pig/Pig_Walk_Down.anim
  artifactKey: Guid(1ead76853cf716f469da20a61e016cd6) Importer(815301076,1909f56bfc062723c751e8b465ee728b)
Start importing Assets/Animations/Pig/Pig_Walk_Down.anim using Guid(1ead76853cf716f469da20a61e016cd6) Importer(815301076,1909f56bfc062723c751e8b465ee728b)  -> (artifact id: '762513dcefc1a9355d6c13af2378d8d9') in 0.019488 seconds
  Import took 0.028488 seconds .

========================================================================
Received Import Request.
  Time since last request: 0.534999 seconds.
  path: Assets/Animations/Pig/Turtle_Walk_Left.anim
  artifactKey: Guid(23b9311bc80b13443b36cc0ada9cef18) Importer(815301076,1909f56bfc062723c751e8b465ee728b)
Start importing Assets/Animations/Pig/Turtle_Walk_Left.anim using Guid(23b9311bc80b13443b36cc0ada9cef18) Importer(815301076,1909f56bfc062723c751e8b465ee728b)  -> (artifact id: '272e2914e3c49e299f145734cbd8745e') in 0.015525 seconds
  Import took 0.023638 seconds .

========================================================================
Received Import Request.
  Time since last request: 5.243299 seconds.
  path: Assets/Animations/Pig/Pig_Walk_Left.anim
  artifactKey: Guid(23b9311bc80b13443b36cc0ada9cef18) Importer(815301076,1909f56bfc062723c751e8b465ee728b)
Start importing Assets/Animations/Pig/Pig_Walk_Left.anim using Guid(23b9311bc80b13443b36cc0ada9cef18) Importer(815301076,1909f56bfc062723c751e8b465ee728b)  -> (artifact id: '7e0a78871422b1ad5370cfde0de07538') in 0.019523 seconds
  Import took 0.026177 seconds .

========================================================================
Received Import Request.
  Time since last request: 0.497067 seconds.
  path: Assets/Animations/Pig/Turtle_Walk_Right.anim
  artifactKey: Guid(3b38d8c30bc9d974b956626b2a339176) Importer(815301076,1909f56bfc062723c751e8b465ee728b)
Start importing Assets/Animations/Pig/Turtle_Walk_Right.anim using Guid(3b38d8c30bc9d974b956626b2a339176) Importer(815301076,1909f56bfc062723c751e8b465ee728b)  -> (artifact id: '0dcaea09d8da3ad775cbdeba3f27ddc8') in 0.017503 seconds
  Import took 0.024390 seconds .

========================================================================
Received Import Request.
  Time since last request: 4.550090 seconds.
  path: Assets/Animations/Pig/Pig_Walk_Right.anim
  artifactKey: Guid(3b38d8c30bc9d974b956626b2a339176) Importer(815301076,1909f56bfc062723c751e8b465ee728b)
Start importing Assets/Animations/Pig/Pig_Walk_Right.anim using Guid(3b38d8c30bc9d974b956626b2a339176) Importer(815301076,1909f56bfc062723c751e8b465ee728b)  -> (artifact id: 'd35cd1b2e0d843ab0e40b5c9c0f6c40a') in 0.017378 seconds
  Import took 0.026022 seconds .

========================================================================
Received Import Request.
  Time since last request: 0.548605 seconds.
  path: Assets/Animations/Pig/Turtle_Walk_Up.anim
  artifactKey: Guid(f3ef895e63c9c6643867af34c73b872a) Importer(815301076,1909f56bfc062723c751e8b465ee728b)
Start importing Assets/Animations/Pig/Turtle_Walk_Up.anim using Guid(f3ef895e63c9c6643867af34c73b872a) Importer(815301076,1909f56bfc062723c751e8b465ee728b)  -> (artifact id: 'dbf7075b5387197e23f69c1535d5465e') in 0.015086 seconds
  Import took 0.021522 seconds .

========================================================================
Received Import Request.
  Time since last request: 4.787906 seconds.
  path: Assets/Animations/Pig/Pig_Walk_Up.anim
  artifactKey: Guid(f3ef895e63c9c6643867af34c73b872a) Importer(815301076,1909f56bfc062723c751e8b465ee728b)
Start importing Assets/Animations/Pig/Pig_Walk_Up.anim using Guid(f3ef895e63c9c6643867af34c73b872a) Importer(815301076,1909f56bfc062723c751e8b465ee728b)  -> (artifact id: '3753d1a468d5e3b0ea4bd37d92c0a9db') in 0.018190 seconds
  Import took 0.031663 seconds .

========================================================================
Received Import Request.
  Time since last request: 14.111427 seconds.
  path: Assets/Prefabs/Pig.prefab
  artifactKey: Guid(921ee0fd21e59e446accc1970c6c04a1) Importer(815301076,1909f56bfc062723c751e8b465ee728b)
Start importing Assets/Prefabs/Pig.prefab using Guid(921ee0fd21e59e446accc1970c6c04a1) Importer(815301076,1909f56bfc062723c751e8b465ee728b)  -> (artifact id: '16cb01c7603668fc0f73251364583196') in 0.044574 seconds
  Import took 0.055337 seconds .

========================================================================
Received Import Request.
  Time since last request: 0.008257 seconds.
  path: Assets/Prefabs/Pig.prefab
  artifactKey: Guid(921ee0fd21e59e446accc1970c6c04a1) Importer(815301076,1909f56bfc062723c751e8b465ee728b)
Start importing Assets/Prefabs/Pig.prefab using Guid(921ee0fd21e59e446accc1970c6c04a1) Importer(815301076,1909f56bfc062723c751e8b465ee728b)  -> (artifact id: '16cb01c7603668fc0f73251364583196') in 0.043503 seconds
  Import took 0.050164 seconds .

========================================================================
Received Import Request.
  Time since last request: 30.263058 seconds.
  path: Assets/Sprites/PigSpriteSheet.png
  artifactKey: Guid(fc2af2660154d8540b0c1a544137e1af) Importer(815301076,1909f56bfc062723c751e8b465ee728b)
Start importing Assets/Sprites/PigSpriteSheet.png using Guid(fc2af2660154d8540b0c1a544137e1af) Importer(815301076,1909f56bfc062723c751e8b465ee728b)  -> (artifact id: 'a91c4c5f4c69fafa422c01c24cdc8b74') in 0.066448 seconds
  Import took 0.073440 seconds .

========================================================================
Received Import Request.
  Time since last request: 61.343555 seconds.
  path: Assets/Prefabs/Pig.prefab
  artifactKey: Guid(921ee0fd21e59e446accc1970c6c04a1) Importer(815301076,1909f56bfc062723c751e8b465ee728b)
Start importing Assets/Prefabs/Pig.prefab using Guid(921ee0fd21e59e446accc1970c6c04a1) Importer(815301076,1909f56bfc062723c751e8b465ee728b)  -> (artifact id: 'e88601d89301dcab1002c99b2ac57463') in 0.046804 seconds
  Import took 0.052582 seconds .

AssetImportWorkerClient::OnTransportError - code=2 error=End of file
